2021-11-20 18:58:47,195:WARNING:input: fef, output: fefe
2021-11-20 19:05:14,787:WARNING:input: fe, output: fe
2021-11-20 19:05:56,714:WARNING:input: fe, output: fe
2021-11-20 19:06:26,336:WARNING:input: fesdf, output: sdfsdf
2021-11-20 19:08:04,548:DEBUG:input: csv_text.csv, output: test_4.yaml
2021-11-20 19:09:38,008:WARNING:input: csv_unit_test_same_division.csv, output: test_division.yaml
2021-11-20 19:10:16,696:DEBUG:input: csv_unit_test_same_division.csv, output: test_division.yaml
2021-11-20 19:13:12,781:DEBUG:input: csv_empty.csv, output: test_empty.yaml
2021-11-20 19:15:20,814:WARNING:input: csv_empty.csv, output: test_empty.yaml
2021-11-20 19:17:27,600:DEBUG:input: csv_unit_test_same_points.csv, output: test_same_points.yaml
2021-11-20 19:20:47,680:DEBUG:input: csv_unit_test_same_name.csv, output: test_same_name.yaml
2021-11-20 19:25:11,541:DEBUG:input: csv_text.csv, output: csv_result.yaml
2021-11-20 19:25:45,268:DEBUG:input: csv_text.csv, output: csv_result.yaml
2021-11-20 19:26:35,108:DEBUG:input: csv_text.csv, output: csv_result.yaml
2021-11-20 19:31:55,725:DEBUG:input: csv_text.csv, output: csv_result.yaml
2021-11-20 19:41:16,380:DEBUG:input: csv_text.csv, output: csv_result.yaml
2021-11-20 19:42:18,914:DEBUG:input: csv_text.csv, output: csv_result.yaml
2021-11-20 19:53:07,320:DEBUG:input: csv_text.csv, output: csv_result.yaml
2021-11-20 19:54:02,262:DEBUG:input: csv_text.csv, output: csv_result.yaml
2021-11-20 19:54:18,061:DEBUG:input: csv_text.csv, output: csv_result.yaml
2021-11-20 19:57:32,699:DEBUG:input: csv_text.csv, output: csv_result.yaml
2021-11-20 19:57:43,355:DEBUG:input: csv_text.csv, output: csv_result.yaml
2021-11-20 19:58:04,563:DEBUG:input: csv_text.csv, output: csv_result.yaml
2021-11-20 19:58:25,244:DEBUG:input: csv_text.csv, output: csv_result.yaml
2021-11-20 19:58:32,535:DEBUG:input: csv_text.csv, output: csv_result.yaml
2021-11-20 19:59:18,057:DEBUG:input: csv_text.csv, output: csv_result.yaml
2021-11-20 19:59:25,561:DEBUG:input: csv_text.csv, output: csv_result.yaml
2021-11-20 20:01:36,887:DEBUG:input: csv_text.csv, output: csv_result.yaml
2021-11-20 20:02:20,571:DEBUG:input: csv_text.csv, output: csv_result.yaml
2021-11-20 20:03:13,376:DEBUG:input: csv_text.csv, output: csv_result.yaml
2021-11-20 20:03:28,452:DEBUG:input: csv_text.csv, output: csv_result.yaml
2021-11-20 20:03:36,312:DEBUG:input: csv_text.csv, output: csv_result.yaml
2021-11-20 20:03:59,735:DEBUG:input: csv_text.csv, output: csv_result.yaml
2021-11-20 20:04:06,034:DEBUG:input: csv_text.csv, output: csv_result.yaml
2021-11-20 20:04:21,149:DEBUG:input: csv_text.csv, output: csv_result.yaml
2021-11-20 20:04:33,843:DEBUG:input: csv_text.csv, output: csv_result.yaml
2021-11-20 20:04:46,192:DEBUG:input: csv_text.csv, output: csv_result.yaml
2021-11-20 20:04:53,667:DEBUG:input: csv_text.csv, output: csv_result.yaml
2021-11-20 20:05:10,088:DEBUG:input: csv_text.csv, output: csv_result.yaml
2021-11-20 20:06:41,783:DEBUG:input: csv_text.csv, output: csv_result.yaml
2021-11-20 20:11:59,202:DEBUG:input: csv_text.csv, output: csv_result.yaml
2021-11-20 20:12:18,031:DEBUG:input: csv_text.csv, output: csv_result.yaml
2021-11-20 20:13:11,259:DEBUG:input: csv_text.csv, output: csv_result.yaml
2021-11-20 20:13:28,186:DEBUG:input: csv_text.csv, output: csv_result.yaml
2021-11-20 20:20:15,816:DEBUG:input: csv_text.csv, output: csv_result.yaml
2021-11-20 20:21:09,457:DEBUG:input: csv_text.csv, output: csv_result.yaml
2021-11-20 20:25:50,354:DEBUG:input: csv_text.csv, output: csv_result.yaml
2021-11-20 20:25:55,052:DEBUG:input: csv_text.csv, output: csv_result.yaml
